{
  "RSpec": {
    "coverage": {
      "/Users/ben/Desktop/IT Portfolio/MAKERS/COURSE/Week04/Chitter/app/controllers/app.rb": {
        "lines": [
          1,
          1,
          null,
          1,
          1,
          1,
          1,
          1,
          1,
          null,
          1,
          4,
          null,
          null,
          1,
          4,
          null,
          null,
          1,
          4,
          4,
          null,
          null,
          1,
          5,
          null,
          null,
          1,
          2,
          2,
          null,
          null,
          1,
          1,
          null,
          null,
          1,
          null,
          null,
          null,
          1,
          3,
          null,
          null,
          1,
          0,
          0,
          0,
          null,
          null,
          null,
          null,
          1,
          null
        ]
      },
      "/Users/ben/Desktop/IT Portfolio/MAKERS/COURSE/Week04/Chitter/app/models/database.rb": {
        "lines": [
          null,
          null,
          1,
          1,
          null,
          null,
          1,
          null,
          1,
          1,
          null,
          null,
          1,
          3,
          3,
          null,
          null,
          null,
          null,
          null,
          1,
          2,
          2,
          null,
          null,
          null,
          2,
          null,
          null,
          1,
          6,
          6,
          null,
          null,
          null,
          6,
          null,
          null,
          1,
          null,
          1,
          12,
          12,
          12,
          null,
          0,
          0,
          null,
          null,
          12,
          0,
          0,
          null,
          12,
          null,
          null,
          null,
          1,
          33,
          null,
          null
        ]
      },
      "/Users/ben/Desktop/IT Portfolio/MAKERS/COURSE/Week04/Chitter/app/models/existing_peeps.rb": {
        "lines": [
          1,
          null,
          1,
          25,
          25,
          25,
          25,
          25,
          25,
          null,
          null,
          1,
          null
        ]
      },
      "/Users/ben/Desktop/IT Portfolio/MAKERS/COURSE/Week04/Chitter/spec/features/add_peep_features_spec.rb": {
        "lines": [
          1,
          null,
          1,
          1,
          1,
          null,
          null,
          1,
          1,
          1,
          null,
          null,
          1,
          1,
          1,
          1,
          1,
          null,
          null,
          1,
          1,
          1,
          1,
          1,
          1,
          null,
          null
        ]
      },
      "/Users/ben/Desktop/IT Portfolio/MAKERS/COURSE/Week04/Chitter/spec/features/index_features_spec.rb": {
        "lines": [
          1,
          null,
          1,
          1,
          1,
          1,
          1,
          null,
          null,
          1,
          1,
          1,
          1,
          1,
          null,
          null
        ]
      },
      "/Users/ben/Desktop/IT Portfolio/MAKERS/COURSE/Week04/Chitter/spec/features/peep_index_features_spec.rb": {
        "lines": [
          1,
          null,
          1,
          1,
          1,
          null,
          null,
          1,
          1,
          1,
          null,
          null,
          1,
          1,
          1,
          1,
          null,
          null,
          1,
          1,
          1,
          1,
          null,
          null
        ]
      },
      "/Users/ben/Desktop/IT Portfolio/MAKERS/COURSE/Week04/Chitter/spec/features/signup_features_spec.rb": {
        "lines": [
          1,
          null,
          1,
          1,
          1,
          1,
          1,
          1,
          1,
          1,
          null,
          null,
          1,
          1,
          1,
          1,
          1,
          1,
          1,
          1,
          1,
          null,
          null
        ]
      },
      "/Users/ben/Desktop/IT Portfolio/MAKERS/COURSE/Week04/Chitter/spec/features/view_peeps_features_spec.rb": {
        "lines": [
          1,
          null,
          1,
          1,
          1,
          1,
          1,
          1,
          1,
          1,
          1,
          1,
          null,
          null
        ]
      },
      "/Users/ben/Desktop/IT Portfolio/MAKERS/COURSE/Week04/Chitter/spec/units/database_spec.rb": {
        "lines": [
          1,
          1,
          null,
          1,
          1,
          1,
          1,
          1,
          null,
          1,
          null,
          null,
          null,
          null,
          1,
          5,
          5,
          null,
          null,
          1,
          null,
          1,
          2,
          null,
          null,
          null,
          1,
          null,
          1,
          1,
          1,
          1,
          1,
          1,
          1,
          1,
          1,
          null,
          null,
          null,
          1,
          null,
          1,
          1,
          1,
          1,
          1,
          1,
          1,
          1,
          null,
          null,
          null,
          1,
          null,
          1,
          1,
          1,
          3,
          3,
          3,
          3,
          3,
          3,
          null,
          null,
          null,
          null,
          1,
          null,
          1,
          1,
          3,
          null,
          null,
          null,
          null
        ]
      },
      "/Users/ben/Desktop/IT Portfolio/MAKERS/COURSE/Week04/Chitter/spec/units/users_spec.rb": {
        "lines": [
          1,
          null,
          1,
          null,
          1,
          1,
          1,
          null,
          null,
          1,
          null,
          1,
          1,
          1,
          1,
          1,
          1,
          null,
          null,
          null
        ]
      },
      "/Users/ben/Desktop/IT Portfolio/MAKERS/COURSE/Week04/Chitter/app/models/users.rb": {
        "lines": [
          null,
          null,
          1,
          null,
          null,
          null,
          1,
          null,
          1,
          null,
          1,
          1,
          1,
          1,
          null,
          null,
          1,
          1,
          1,
          null,
          null,
          null,
          null,
          1,
          null,
          null,
          1,
          null,
          null,
          1,
          0,
          null,
          null,
          null,
          null,
          1,
          null,
          1,
          1,
          1,
          1,
          null,
          0,
          0,
          null,
          null,
          1,
          0,
          0,
          null,
          1,
          null,
          null,
          null
        ]
      }
    },
    "timestamp": 1603640076
  }
}
