{
  "RSpec": {
    "coverage": {
      "/Users/ben/Desktop/IT Portfolio/MAKERS/COURSE/Week04/Chitter/app/controllers/app.rb": {
        "lines": [
          1,
          null,
          null,
          1,
          1,
          1,
          1,
          1,
          1,
          null,
          null,
          1,
          null
        ]
      },
      "/Users/ben/Desktop/IT Portfolio/MAKERS/COURSE/Week04/Chitter/spec/units/database_spec.rb": {
        "lines": [
          1,
          null,
          1,
          1,
          1,
          null,
          1,
          1,
          null,
          1,
          3,
          3,
          null,
          null,
          1,
          null,
          1,
          2,
          null,
          null,
          null,
          1,
          null,
          1,
          1,
          1,
          null,
          null,
          null,
          1,
          null,
          1,
          1,
          null,
          null,
          null
        ]
      },
      "/Users/ben/Desktop/IT Portfolio/MAKERS/COURSE/Week04/Chitter/app/models/database.rb": {
        "lines": [
          null,
          null,
          1,
          null,
          null,
          1,
          null,
          1,
          1,
          null,
          null,
          1,
          1,
          1,
          null,
          null,
          null,
          null,
          null,
          1,
          2,
          2,
          null,
          null,
          4,
          null,
          null,
          1,
          null,
          1,
          4,
          4,
          4,
          null,
          0,
          0,
          null,
          null,
          4,
          0,
          0,
          null,
          4,
          null,
          null,
          null
        ]
      }
    },
    "timestamp": 1603628382
  }
}
